f:\project documents and code-20180420\cie202-proj-s2018\cie202-proj-s2018\project framework\debug\pt project.bsc
f:\project documents and code-20180420\cie202-proj-s2018\cie202-proj-s2018\project framework\debug\main.sbr
f:\project documents and code-20180420\cie202-proj-s2018\cie202-proj-s2018\project framework\debug\applicationmanager.sbr
f:\project documents and code-20180420\cie202-proj-s2018\cie202-proj-s2018\project framework\debug\gui.sbr
f:\project documents and code-20180420\cie202-proj-s2018\cie202-proj-s2018\project framework\debug\actionaddsquare.sbr
f:\project documents and code-20180420\cie202-proj-s2018\cie202-proj-s2018\project framework\debug\csquare.sbr
f:\project documents and code-20180420\cie202-proj-s2018\cie202-proj-s2018\project framework\debug\cfigure.sbr
f:\project documents and code-20180420\cie202-proj-s2018\cie202-proj-s2018\project framework\debug\windowinput.sbr
f:\project documents and code-20180420\cie202-proj-s2018\cie202-proj-s2018\project framework\debug\mousequeue.sbr
f:\project documents and code-20180420\cie202-proj-s2018\cie202-proj-s2018\project framework\debug\keyqueue.sbr
f:\project documents and code-20180420\cie202-proj-s2018\cie202-proj-s2018\project framework\debug\image.sbr
f:\project documents and code-20180420\cie202-proj-s2018\cie202-proj-s2018\project framework\debug\cmugraphics.sbr
f:\project documents and code-20180420\cie202-proj-s2018\cie202-proj-s2018\project framework\debug\auxil.sbr
f:\project documents and code-20180420\cie202-proj-s2018\cie202-proj-s2018\project framework\debug\auxil.obj
f:\project documents and code-20180420\cie202-proj-s2018\cie202-proj-s2018\project framework\debug\cmugraphics.obj
f:\project documents and code-20180420\cie202-proj-s2018\cie202-proj-s2018\project framework\debug\image.obj
f:\project documents and code-20180420\cie202-proj-s2018\cie202-proj-s2018\project framework\debug\keyqueue.obj
f:\project documents and code-20180420\cie202-proj-s2018\cie202-proj-s2018\project framework\debug\mousequeue.obj
f:\project documents and code-20180420\cie202-proj-s2018\cie202-proj-s2018\project framework\debug\windowinput.obj
f:\project documents and code-20180420\cie202-proj-s2018\cie202-proj-s2018\project framework\debug\cfigure.obj
f:\project documents and code-20180420\cie202-proj-s2018\cie202-proj-s2018\project framework\debug\csquare.obj
f:\project documents and code-20180420\cie202-proj-s2018\cie202-proj-s2018\project framework\debug\actionaddsquare.obj
f:\project documents and code-20180420\cie202-proj-s2018\cie202-proj-s2018\project framework\debug\gui.obj
f:\project documents and code-20180420\cie202-proj-s2018\cie202-proj-s2018\project framework\debug\applicationmanager.obj
f:\project documents and code-20180420\cie202-proj-s2018\cie202-proj-s2018\project framework\debug\main.obj
f:\project documents and code-20180420\cie202-proj-s2018\cie202-proj-s2018\project framework\debug\vc110.pdb
f:\project documents and code-20180420\cie202-proj-s2018\cie202-proj-s2018\project framework\debug\jutils.sbr
f:\project documents and code-20180420\cie202-proj-s2018\cie202-proj-s2018\project framework\debug\jquant2.sbr
f:\project documents and code-20180420\cie202-proj-s2018\cie202-proj-s2018\project framework\debug\jquant1.sbr
f:\project documents and code-20180420\cie202-proj-s2018\cie202-proj-s2018\project framework\debug\jmemnobs.sbr
f:\project documents and code-20180420\cie202-proj-s2018\cie202-proj-s2018\project framework\debug\jmemmgr.sbr
f:\project documents and code-20180420\cie202-proj-s2018\cie202-proj-s2018\project framework\debug\jidctred.sbr
f:\project documents and code-20180420\cie202-proj-s2018\cie202-proj-s2018\project framework\debug\jidctint.sbr
f:\project documents and code-20180420\cie202-proj-s2018\cie202-proj-s2018\project framework\debug\jidctfst.sbr
f:\project documents and code-20180420\cie202-proj-s2018\cie202-proj-s2018\project framework\debug\jidctflt.sbr
f:\project documents and code-20180420\cie202-proj-s2018\cie202-proj-s2018\project framework\debug\jerror.sbr
f:\project documents and code-20180420\cie202-proj-s2018\cie202-proj-s2018\project framework\debug\jdtrans.sbr
f:\project documents and code-20180420\cie202-proj-s2018\cie202-proj-s2018\project framework\debug\jdsample.sbr
f:\project documents and code-20180420\cie202-proj-s2018\cie202-proj-s2018\project framework\debug\jdpostct.sbr
f:\project documents and code-20180420\cie202-proj-s2018\cie202-proj-s2018\project framework\debug\jdphuff.sbr
f:\project documents and code-20180420\cie202-proj-s2018\cie202-proj-s2018\project framework\debug\jdmerge.sbr
f:\project documents and code-20180420\cie202-proj-s2018\cie202-proj-s2018\project framework\debug\jdmaster.sbr
f:\project documents and code-20180420\cie202-proj-s2018\cie202-proj-s2018\project framework\debug\jdmarker.sbr
f:\project documents and code-20180420\cie202-proj-s2018\cie202-proj-s2018\project framework\debug\jdmainct.sbr
f:\project documents and code-20180420\cie202-proj-s2018\cie202-proj-s2018\project framework\debug\jdinput.sbr
f:\project documents and code-20180420\cie202-proj-s2018\cie202-proj-s2018\project framework\debug\jdhuff.sbr
f:\project documents and code-20180420\cie202-proj-s2018\cie202-proj-s2018\project framework\debug\jdhuff.obj
f:\project documents and code-20180420\cie202-proj-s2018\cie202-proj-s2018\project framework\debug\jdinput.obj
f:\project documents and code-20180420\cie202-proj-s2018\cie202-proj-s2018\project framework\debug\jdmainct.obj
f:\project documents and code-20180420\cie202-proj-s2018\cie202-proj-s2018\project framework\debug\jdmarker.obj
f:\project documents and code-20180420\cie202-proj-s2018\cie202-proj-s2018\project framework\debug\jdmaster.obj
f:\project documents and code-20180420\cie202-proj-s2018\cie202-proj-s2018\project framework\debug\jdmerge.obj
f:\project documents and code-20180420\cie202-proj-s2018\cie202-proj-s2018\project framework\debug\jdphuff.obj
f:\project documents and code-20180420\cie202-proj-s2018\cie202-proj-s2018\project framework\debug\jdpostct.obj
f:\project documents and code-20180420\cie202-proj-s2018\cie202-proj-s2018\project framework\debug\jdsample.obj
f:\project documents and code-20180420\cie202-proj-s2018\cie202-proj-s2018\project framework\debug\jdtrans.obj
f:\project documents and code-20180420\cie202-proj-s2018\cie202-proj-s2018\project framework\debug\jerror.obj
f:\project documents and code-20180420\cie202-proj-s2018\cie202-proj-s2018\project framework\debug\jidctflt.obj
f:\project documents and code-20180420\cie202-proj-s2018\cie202-proj-s2018\project framework\debug\jidctfst.obj
f:\project documents and code-20180420\cie202-proj-s2018\cie202-proj-s2018\project framework\debug\jidctint.obj
f:\project documents and code-20180420\cie202-proj-s2018\cie202-proj-s2018\project framework\debug\jidctred.obj
f:\project documents and code-20180420\cie202-proj-s2018\cie202-proj-s2018\project framework\debug\jmemmgr.obj
f:\project documents and code-20180420\cie202-proj-s2018\cie202-proj-s2018\project framework\debug\jmemnobs.obj
f:\project documents and code-20180420\cie202-proj-s2018\cie202-proj-s2018\project framework\debug\jquant1.obj
f:\project documents and code-20180420\cie202-proj-s2018\cie202-proj-s2018\project framework\debug\jquant2.obj
f:\project documents and code-20180420\cie202-proj-s2018\cie202-proj-s2018\project framework\debug\jutils.obj
f:\project documents and code-20180420\cie202-proj-s2018\cie202-proj-s2018\project framework\debug\jddctmgr.sbr
f:\project documents and code-20180420\cie202-proj-s2018\cie202-proj-s2018\project framework\debug\jdcolor.sbr
f:\project documents and code-20180420\cie202-proj-s2018\cie202-proj-s2018\project framework\debug\jdcoefct.sbr
f:\project documents and code-20180420\cie202-proj-s2018\cie202-proj-s2018\project framework\debug\jdatasrc.sbr
f:\project documents and code-20180420\cie202-proj-s2018\cie202-proj-s2018\project framework\debug\jdapistd.sbr
f:\project documents and code-20180420\cie202-proj-s2018\cie202-proj-s2018\project framework\debug\jdapimin.sbr
f:\project documents and code-20180420\cie202-proj-s2018\cie202-proj-s2018\project framework\debug\jcparam.sbr
f:\project documents and code-20180420\cie202-proj-s2018\cie202-proj-s2018\project framework\debug\jcomapi.sbr
f:\project documents and code-20180420\cie202-proj-s2018\cie202-proj-s2018\project framework\debug\jpegload.sbr
f:\project documents and code-20180420\cie202-proj-s2018\cie202-proj-s2018\project framework\debug\jpegload.obj
f:\project documents and code-20180420\cie202-proj-s2018\cie202-proj-s2018\project framework\debug\jcomapi.obj
f:\project documents and code-20180420\cie202-proj-s2018\cie202-proj-s2018\project framework\debug\jcparam.obj
f:\project documents and code-20180420\cie202-proj-s2018\cie202-proj-s2018\project framework\debug\jdapimin.obj
f:\project documents and code-20180420\cie202-proj-s2018\cie202-proj-s2018\project framework\debug\jdapistd.obj
f:\project documents and code-20180420\cie202-proj-s2018\cie202-proj-s2018\project framework\debug\jdatasrc.obj
f:\project documents and code-20180420\cie202-proj-s2018\cie202-proj-s2018\project framework\debug\jdcoefct.obj
f:\project documents and code-20180420\cie202-proj-s2018\cie202-proj-s2018\project framework\debug\jdcolor.obj
f:\project documents and code-20180420\cie202-proj-s2018\cie202-proj-s2018\project framework\debug\jddctmgr.obj
f:\project documents and code-20180420\cie202-proj-s2018\cie202-proj-s2018\project framework\debug\pt project.ilk
f:\project documents and code-20180420\cie202-proj-s2018\cie202-proj-s2018\project framework\debug\pt project.exe
f:\project documents and code-20180420\cie202-proj-s2018\cie202-proj-s2018\project framework\debug\pt project.pdb
d:\cpp\cie202-proj-s2018- a\project framework\debug\pt project.bsc
c:\users\mas-alhassan\desktop\project\project framework\debug\pt project.bsc
f:\ds\project\cpp project\project framework\debug\pt project.bsc
c:\users\doritoz\desktop\cpp project\project framework\debug\pt project.bsc
d:\cpp\cie202-proj-s2018- a\project framework\debug\vc141.pdb
d:\cpp\cie202-proj-s2018- a\project framework\debug\main.sbr
d:\cpp\cie202-proj-s2018- a\project framework\debug\applicationmanager.sbr
d:\cpp\cie202-proj-s2018- a\project framework\debug\gui.sbr
d:\cpp\cie202-proj-s2018- a\project framework\debug\actionaddsquare.sbr
d:\cpp\cie202-proj-s2018- a\project framework\debug\csquare.sbr
d:\cpp\cie202-proj-s2018- a\project framework\debug\cfigure.sbr
d:\cpp\cie202-proj-s2018- a\project framework\debug\windowinput.sbr
d:\cpp\cie202-proj-s2018- a\project framework\debug\mousequeue.sbr
d:\cpp\cie202-proj-s2018- a\project framework\debug\keyqueue.sbr
d:\cpp\cie202-proj-s2018- a\project framework\debug\image.sbr
d:\cpp\cie202-proj-s2018- a\project framework\debug\cmugraphics.sbr
d:\cpp\cie202-proj-s2018- a\project framework\debug\auxil.sbr
d:\cpp\cie202-proj-s2018- a\project framework\debug\vc143.pdb
d:\cpp\cie202-proj-s2018- a\project framework\debug\vc143.idb
d:\cpp\cie202-proj-s2018- a\project framework\debug\auxil.obj
d:\cpp\cie202-proj-s2018- a\project framework\debug\cmugraphics.obj
d:\cpp\cie202-proj-s2018- a\project framework\debug\image.obj
d:\cpp\cie202-proj-s2018- a\project framework\debug\keyqueue.obj
d:\cpp\cie202-proj-s2018- a\project framework\debug\mousequeue.obj
d:\cpp\cie202-proj-s2018- a\project framework\debug\windowinput.obj
d:\cpp\cie202-proj-s2018- a\project framework\debug\cfigure.obj
d:\cpp\cie202-proj-s2018- a\project framework\debug\csquare.obj
d:\cpp\cie202-proj-s2018- a\project framework\debug\actionaddsquare.obj
d:\cpp\cie202-proj-s2018- a\project framework\debug\gui.obj
d:\cpp\cie202-proj-s2018- a\project framework\debug\applicationmanager.obj
d:\cpp\cie202-proj-s2018- a\project framework\debug\main.obj
d:\cpp\cie202-proj-s2018- a\project framework\debug\jutils.sbr
d:\cpp\cie202-proj-s2018- a\project framework\debug\jquant2.sbr
d:\cpp\cie202-proj-s2018- a\project framework\debug\jquant1.sbr
d:\cpp\cie202-proj-s2018- a\project framework\debug\jmemnobs.sbr
d:\cpp\cie202-proj-s2018- a\project framework\debug\jmemmgr.sbr
d:\cpp\cie202-proj-s2018- a\project framework\debug\jidctred.sbr
d:\cpp\cie202-proj-s2018- a\project framework\debug\jidctint.sbr
d:\cpp\cie202-proj-s2018- a\project framework\debug\jidctfst.sbr
d:\cpp\cie202-proj-s2018- a\project framework\debug\jidctflt.sbr
d:\cpp\cie202-proj-s2018- a\project framework\debug\jerror.sbr
d:\cpp\cie202-proj-s2018- a\project framework\debug\jdtrans.sbr
d:\cpp\cie202-proj-s2018- a\project framework\debug\jdsample.sbr
d:\cpp\cie202-proj-s2018- a\project framework\debug\jdpostct.sbr
d:\cpp\cie202-proj-s2018- a\project framework\debug\jdphuff.sbr
d:\cpp\cie202-proj-s2018- a\project framework\debug\jdmerge.sbr
d:\cpp\cie202-proj-s2018- a\project framework\debug\jdmaster.sbr
d:\cpp\cie202-proj-s2018- a\project framework\debug\jdmarker.sbr
d:\cpp\cie202-proj-s2018- a\project framework\debug\jdmainct.sbr
d:\cpp\cie202-proj-s2018- a\project framework\debug\jdinput.sbr
d:\cpp\cie202-proj-s2018- a\project framework\debug\jdhuff.sbr
d:\cpp\cie202-proj-s2018- a\project framework\debug\jddctmgr.sbr
d:\cpp\cie202-proj-s2018- a\project framework\debug\jdcolor.sbr
d:\cpp\cie202-proj-s2018- a\project framework\debug\jdcoefct.sbr
d:\cpp\cie202-proj-s2018- a\project framework\debug\jdatasrc.sbr
d:\cpp\cie202-proj-s2018- a\project framework\debug\jdapistd.sbr
d:\cpp\cie202-proj-s2018- a\project framework\debug\jdapimin.sbr
d:\cpp\cie202-proj-s2018- a\project framework\debug\jcparam.sbr
d:\cpp\cie202-proj-s2018- a\project framework\debug\jcomapi.sbr
d:\cpp\cie202-proj-s2018- a\project framework\debug\jpegload.sbr
d:\cpp\cie202-proj-s2018- a\project framework\debug\jdhuff.obj
d:\cpp\cie202-proj-s2018- a\project framework\debug\jdinput.obj
d:\cpp\cie202-proj-s2018- a\project framework\debug\jdmainct.obj
d:\cpp\cie202-proj-s2018- a\project framework\debug\jdmarker.obj
d:\cpp\cie202-proj-s2018- a\project framework\debug\jdmaster.obj
d:\cpp\cie202-proj-s2018- a\project framework\debug\jdmerge.obj
d:\cpp\cie202-proj-s2018- a\project framework\debug\jdphuff.obj
d:\cpp\cie202-proj-s2018- a\project framework\debug\jdpostct.obj
d:\cpp\cie202-proj-s2018- a\project framework\debug\jdsample.obj
d:\cpp\cie202-proj-s2018- a\project framework\debug\jdtrans.obj
d:\cpp\cie202-proj-s2018- a\project framework\debug\jerror.obj
d:\cpp\cie202-proj-s2018- a\project framework\debug\jidctflt.obj
d:\cpp\cie202-proj-s2018- a\project framework\debug\jidctfst.obj
d:\cpp\cie202-proj-s2018- a\project framework\debug\jidctint.obj
d:\cpp\cie202-proj-s2018- a\project framework\debug\jidctred.obj
d:\cpp\cie202-proj-s2018- a\project framework\debug\jmemmgr.obj
d:\cpp\cie202-proj-s2018- a\project framework\debug\jmemnobs.obj
d:\cpp\cie202-proj-s2018- a\project framework\debug\jquant1.obj
d:\cpp\cie202-proj-s2018- a\project framework\debug\jquant2.obj
d:\cpp\cie202-proj-s2018- a\project framework\debug\jutils.obj
d:\cpp\cie202-proj-s2018- a\project framework\debug\jpegload.obj
d:\cpp\cie202-proj-s2018- a\project framework\debug\jcomapi.obj
d:\cpp\cie202-proj-s2018- a\project framework\debug\jcparam.obj
d:\cpp\cie202-proj-s2018- a\project framework\debug\jdapimin.obj
d:\cpp\cie202-proj-s2018- a\project framework\debug\jdapistd.obj
d:\cpp\cie202-proj-s2018- a\project framework\debug\jdatasrc.obj
d:\cpp\cie202-proj-s2018- a\project framework\debug\jdcoefct.obj
d:\cpp\cie202-proj-s2018- a\project framework\debug\jdcolor.obj
d:\cpp\cie202-proj-s2018- a\project framework\debug\jddctmgr.obj
d:\cpp\cie202-proj-s2018- a\project framework\debug\vc141.idb
c:\users\mas-alhassan\desktop\project\project framework\debug\vc143.pdb
c:\users\mas-alhassan\desktop\project\project framework\debug\vc143.idb
c:\users\mas-alhassan\desktop\project\project framework\debug\main.sbr
c:\users\mas-alhassan\desktop\project\project framework\debug\applicationmanager.sbr
c:\users\mas-alhassan\desktop\project\project framework\debug\gui.sbr
c:\users\mas-alhassan\desktop\project\project framework\debug\actionaddsquare.sbr
c:\users\mas-alhassan\desktop\project\project framework\debug\csquare.sbr
c:\users\mas-alhassan\desktop\project\project framework\debug\cfigure.sbr
c:\users\mas-alhassan\desktop\project\project framework\debug\windowinput.sbr
c:\users\mas-alhassan\desktop\project\project framework\debug\mousequeue.sbr
c:\users\mas-alhassan\desktop\project\project framework\debug\keyqueue.sbr
c:\users\mas-alhassan\desktop\project\project framework\debug\image.sbr
c:\users\mas-alhassan\desktop\project\project framework\debug\cmugraphics.sbr
c:\users\mas-alhassan\desktop\project\project framework\debug\auxil.sbr
c:\users\mas-alhassan\desktop\project\project framework\debug\auxil.obj
c:\users\mas-alhassan\desktop\project\project framework\debug\cmugraphics.obj
c:\users\mas-alhassan\desktop\project\project framework\debug\image.obj
c:\users\mas-alhassan\desktop\project\project framework\debug\keyqueue.obj
c:\users\mas-alhassan\desktop\project\project framework\debug\mousequeue.obj
c:\users\mas-alhassan\desktop\project\project framework\debug\windowinput.obj
c:\users\mas-alhassan\desktop\project\project framework\debug\cfigure.obj
c:\users\mas-alhassan\desktop\project\project framework\debug\csquare.obj
c:\users\mas-alhassan\desktop\project\project framework\debug\actionaddsquare.obj
c:\users\mas-alhassan\desktop\project\project framework\debug\gui.obj
c:\users\mas-alhassan\desktop\project\project framework\debug\applicationmanager.obj
c:\users\mas-alhassan\desktop\project\project framework\debug\main.obj
c:\users\mas-alhassan\desktop\project\project framework\debug\jutils.sbr
c:\users\mas-alhassan\desktop\project\project framework\debug\jquant2.sbr
c:\users\mas-alhassan\desktop\project\project framework\debug\jquant1.sbr
c:\users\mas-alhassan\desktop\project\project framework\debug\jmemnobs.sbr
c:\users\mas-alhassan\desktop\project\project framework\debug\jmemmgr.sbr
c:\users\mas-alhassan\desktop\project\project framework\debug\jidctred.sbr
c:\users\mas-alhassan\desktop\project\project framework\debug\jidctint.sbr
c:\users\mas-alhassan\desktop\project\project framework\debug\jidctfst.sbr
c:\users\mas-alhassan\desktop\project\project framework\debug\jidctflt.sbr
c:\users\mas-alhassan\desktop\project\project framework\debug\jerror.sbr
c:\users\mas-alhassan\desktop\project\project framework\debug\jdtrans.sbr
c:\users\mas-alhassan\desktop\project\project framework\debug\jdsample.sbr
c:\users\mas-alhassan\desktop\project\project framework\debug\jdpostct.sbr
c:\users\mas-alhassan\desktop\project\project framework\debug\jdphuff.sbr
c:\users\mas-alhassan\desktop\project\project framework\debug\jdmerge.sbr
c:\users\mas-alhassan\desktop\project\project framework\debug\jdmaster.sbr
c:\users\mas-alhassan\desktop\project\project framework\debug\jdmarker.sbr
c:\users\mas-alhassan\desktop\project\project framework\debug\jdmainct.sbr
c:\users\mas-alhassan\desktop\project\project framework\debug\jdinput.sbr
c:\users\mas-alhassan\desktop\project\project framework\debug\jdhuff.sbr
c:\users\mas-alhassan\desktop\project\project framework\debug\jdhuff.obj
c:\users\mas-alhassan\desktop\project\project framework\debug\jdinput.obj
c:\users\mas-alhassan\desktop\project\project framework\debug\jdmainct.obj
c:\users\mas-alhassan\desktop\project\project framework\debug\jdmarker.obj
c:\users\mas-alhassan\desktop\project\project framework\debug\jdmaster.obj
c:\users\mas-alhassan\desktop\project\project framework\debug\jdmerge.obj
c:\users\mas-alhassan\desktop\project\project framework\debug\jdphuff.obj
c:\users\mas-alhassan\desktop\project\project framework\debug\jdpostct.obj
c:\users\mas-alhassan\desktop\project\project framework\debug\jdsample.obj
c:\users\mas-alhassan\desktop\project\project framework\debug\jdtrans.obj
c:\users\mas-alhassan\desktop\project\project framework\debug\jerror.obj
c:\users\mas-alhassan\desktop\project\project framework\debug\jidctflt.obj
c:\users\mas-alhassan\desktop\project\project framework\debug\jidctfst.obj
c:\users\mas-alhassan\desktop\project\project framework\debug\jidctint.obj
c:\users\mas-alhassan\desktop\project\project framework\debug\jidctred.obj
c:\users\mas-alhassan\desktop\project\project framework\debug\jmemmgr.obj
c:\users\mas-alhassan\desktop\project\project framework\debug\jmemnobs.obj
c:\users\mas-alhassan\desktop\project\project framework\debug\jquant1.obj
c:\users\mas-alhassan\desktop\project\project framework\debug\jquant2.obj
c:\users\mas-alhassan\desktop\project\project framework\debug\jutils.obj
c:\users\mas-alhassan\desktop\project\project framework\debug\jddctmgr.sbr
c:\users\mas-alhassan\desktop\project\project framework\debug\jdcolor.sbr
c:\users\mas-alhassan\desktop\project\project framework\debug\jdcoefct.sbr
c:\users\mas-alhassan\desktop\project\project framework\debug\jdatasrc.sbr
c:\users\mas-alhassan\desktop\project\project framework\debug\jdapistd.sbr
c:\users\mas-alhassan\desktop\project\project framework\debug\jdapimin.sbr
c:\users\mas-alhassan\desktop\project\project framework\debug\jcparam.sbr
c:\users\mas-alhassan\desktop\project\project framework\debug\jcomapi.sbr
c:\users\mas-alhassan\desktop\project\project framework\debug\jpegload.sbr
c:\users\mas-alhassan\desktop\project\project framework\debug\jpegload.obj
c:\users\mas-alhassan\desktop\project\project framework\debug\jcomapi.obj
c:\users\mas-alhassan\desktop\project\project framework\debug\jcparam.obj
c:\users\mas-alhassan\desktop\project\project framework\debug\jdapimin.obj
c:\users\mas-alhassan\desktop\project\project framework\debug\jdapistd.obj
c:\users\mas-alhassan\desktop\project\project framework\debug\jdatasrc.obj
c:\users\mas-alhassan\desktop\project\project framework\debug\jdcoefct.obj
c:\users\mas-alhassan\desktop\project\project framework\debug\jdcolor.obj
c:\users\mas-alhassan\desktop\project\project framework\debug\jddctmgr.obj
f:\ds\project\cpp project\project framework\debug\vc143.pdb
f:\ds\project\cpp project\project framework\debug\vc143.idb
f:\ds\project\cpp project\project framework\debug\main.sbr
f:\ds\project\cpp project\project framework\debug\applicationmanager.sbr
f:\ds\project\cpp project\project framework\debug\gui.sbr
f:\ds\project\cpp project\project framework\debug\actionaddsquare.sbr
f:\ds\project\cpp project\project framework\debug\csquare.sbr
f:\ds\project\cpp project\project framework\debug\cfigure.sbr
f:\ds\project\cpp project\project framework\debug\windowinput.sbr
f:\ds\project\cpp project\project framework\debug\mousequeue.sbr
f:\ds\project\cpp project\project framework\debug\keyqueue.sbr
f:\ds\project\cpp project\project framework\debug\image.sbr
f:\ds\project\cpp project\project framework\debug\cmugraphics.sbr
f:\ds\project\cpp project\project framework\debug\auxil.sbr
f:\ds\project\cpp project\project framework\debug\auxil.obj
f:\ds\project\cpp project\project framework\debug\cmugraphics.obj
f:\ds\project\cpp project\project framework\debug\image.obj
f:\ds\project\cpp project\project framework\debug\keyqueue.obj
f:\ds\project\cpp project\project framework\debug\mousequeue.obj
f:\ds\project\cpp project\project framework\debug\windowinput.obj
f:\ds\project\cpp project\project framework\debug\cfigure.obj
f:\ds\project\cpp project\project framework\debug\csquare.obj
f:\ds\project\cpp project\project framework\debug\actionaddsquare.obj
f:\ds\project\cpp project\project framework\debug\gui.obj
f:\ds\project\cpp project\project framework\debug\applicationmanager.obj
f:\ds\project\cpp project\project framework\debug\main.obj
f:\ds\project\cpp project\project framework\debug\jutils.sbr
f:\ds\project\cpp project\project framework\debug\jquant2.sbr
f:\ds\project\cpp project\project framework\debug\jquant1.sbr
f:\ds\project\cpp project\project framework\debug\jmemnobs.sbr
f:\ds\project\cpp project\project framework\debug\jmemmgr.sbr
f:\ds\project\cpp project\project framework\debug\jidctred.sbr
f:\ds\project\cpp project\project framework\debug\jidctint.sbr
f:\ds\project\cpp project\project framework\debug\jidctfst.sbr
f:\ds\project\cpp project\project framework\debug\jidctflt.sbr
f:\ds\project\cpp project\project framework\debug\jerror.sbr
f:\ds\project\cpp project\project framework\debug\jdtrans.sbr
f:\ds\project\cpp project\project framework\debug\jdsample.sbr
f:\ds\project\cpp project\project framework\debug\jdpostct.sbr
f:\ds\project\cpp project\project framework\debug\jdphuff.sbr
f:\ds\project\cpp project\project framework\debug\jdmerge.sbr
f:\ds\project\cpp project\project framework\debug\jdmaster.sbr
f:\ds\project\cpp project\project framework\debug\jdmarker.sbr
f:\ds\project\cpp project\project framework\debug\jdmainct.sbr
f:\ds\project\cpp project\project framework\debug\jdinput.sbr
f:\ds\project\cpp project\project framework\debug\jdhuff.sbr
f:\ds\project\cpp project\project framework\debug\jdhuff.obj
f:\ds\project\cpp project\project framework\debug\jdinput.obj
f:\ds\project\cpp project\project framework\debug\jdmainct.obj
f:\ds\project\cpp project\project framework\debug\jdmarker.obj
f:\ds\project\cpp project\project framework\debug\jdmaster.obj
f:\ds\project\cpp project\project framework\debug\jdmerge.obj
f:\ds\project\cpp project\project framework\debug\jdphuff.obj
f:\ds\project\cpp project\project framework\debug\jdpostct.obj
f:\ds\project\cpp project\project framework\debug\jdsample.obj
f:\ds\project\cpp project\project framework\debug\jdtrans.obj
f:\ds\project\cpp project\project framework\debug\jerror.obj
f:\ds\project\cpp project\project framework\debug\jidctflt.obj
f:\ds\project\cpp project\project framework\debug\jidctfst.obj
f:\ds\project\cpp project\project framework\debug\jidctint.obj
f:\ds\project\cpp project\project framework\debug\jidctred.obj
f:\ds\project\cpp project\project framework\debug\jmemmgr.obj
f:\ds\project\cpp project\project framework\debug\jmemnobs.obj
f:\ds\project\cpp project\project framework\debug\jquant1.obj
f:\ds\project\cpp project\project framework\debug\jquant2.obj
f:\ds\project\cpp project\project framework\debug\jutils.obj
f:\ds\project\cpp project\project framework\debug\jddctmgr.sbr
f:\ds\project\cpp project\project framework\debug\jdcolor.sbr
f:\ds\project\cpp project\project framework\debug\jdcoefct.sbr
f:\ds\project\cpp project\project framework\debug\jdatasrc.sbr
f:\ds\project\cpp project\project framework\debug\jdapistd.sbr
f:\ds\project\cpp project\project framework\debug\jdapimin.sbr
f:\ds\project\cpp project\project framework\debug\jcparam.sbr
f:\ds\project\cpp project\project framework\debug\jcomapi.sbr
f:\ds\project\cpp project\project framework\debug\jpegload.sbr
f:\ds\project\cpp project\project framework\debug\jpegload.obj
f:\ds\project\cpp project\project framework\debug\jcomapi.obj
f:\ds\project\cpp project\project framework\debug\jcparam.obj
f:\ds\project\cpp project\project framework\debug\jdapimin.obj
f:\ds\project\cpp project\project framework\debug\jdapistd.obj
f:\ds\project\cpp project\project framework\debug\jdatasrc.obj
f:\ds\project\cpp project\project framework\debug\jdcoefct.obj
f:\ds\project\cpp project\project framework\debug\jdcolor.obj
f:\ds\project\cpp project\project framework\debug\jddctmgr.obj
c:\users\doritoz\desktop\cpp project\project framework\debug\vc143.pdb
c:\users\doritoz\desktop\cpp project\project framework\debug\vc143.idb
c:\users\doritoz\desktop\cpp project\project framework\debug\main.sbr
c:\users\doritoz\desktop\cpp project\project framework\debug\applicationmanager.sbr
c:\users\doritoz\desktop\cpp project\project framework\debug\gui.sbr
c:\users\doritoz\desktop\cpp project\project framework\debug\actionaddsquare.sbr
c:\users\doritoz\desktop\cpp project\project framework\debug\csquare.sbr
c:\users\doritoz\desktop\cpp project\project framework\debug\cfigure.sbr
c:\users\doritoz\desktop\cpp project\project framework\debug\windowinput.sbr
c:\users\doritoz\desktop\cpp project\project framework\debug\mousequeue.sbr
c:\users\doritoz\desktop\cpp project\project framework\debug\keyqueue.sbr
c:\users\doritoz\desktop\cpp project\project framework\debug\image.sbr
c:\users\doritoz\desktop\cpp project\project framework\debug\cmugraphics.sbr
c:\users\doritoz\desktop\cpp project\project framework\debug\auxil.sbr
c:\users\doritoz\desktop\cpp project\project framework\debug\auxil.obj
c:\users\doritoz\desktop\cpp project\project framework\debug\cmugraphics.obj
c:\users\doritoz\desktop\cpp project\project framework\debug\image.obj
c:\users\doritoz\desktop\cpp project\project framework\debug\keyqueue.obj
c:\users\doritoz\desktop\cpp project\project framework\debug\mousequeue.obj
c:\users\doritoz\desktop\cpp project\project framework\debug\windowinput.obj
c:\users\doritoz\desktop\cpp project\project framework\debug\cfigure.obj
c:\users\doritoz\desktop\cpp project\project framework\debug\csquare.obj
c:\users\doritoz\desktop\cpp project\project framework\debug\actionaddsquare.obj
c:\users\doritoz\desktop\cpp project\project framework\debug\gui.obj
c:\users\doritoz\desktop\cpp project\project framework\debug\applicationmanager.obj
c:\users\doritoz\desktop\cpp project\project framework\debug\main.obj
c:\users\doritoz\desktop\cpp project\project framework\debug\jutils.sbr
c:\users\doritoz\desktop\cpp project\project framework\debug\jquant2.sbr
c:\users\doritoz\desktop\cpp project\project framework\debug\jquant1.sbr
c:\users\doritoz\desktop\cpp project\project framework\debug\jmemnobs.sbr
c:\users\doritoz\desktop\cpp project\project framework\debug\jmemmgr.sbr
c:\users\doritoz\desktop\cpp project\project framework\debug\jidctred.sbr
c:\users\doritoz\desktop\cpp project\project framework\debug\jidctint.sbr
c:\users\doritoz\desktop\cpp project\project framework\debug\jidctfst.sbr
c:\users\doritoz\desktop\cpp project\project framework\debug\jidctflt.sbr
c:\users\doritoz\desktop\cpp project\project framework\debug\jerror.sbr
c:\users\doritoz\desktop\cpp project\project framework\debug\jdtrans.sbr
c:\users\doritoz\desktop\cpp project\project framework\debug\jdsample.sbr
c:\users\doritoz\desktop\cpp project\project framework\debug\jdpostct.sbr
c:\users\doritoz\desktop\cpp project\project framework\debug\jdphuff.sbr
c:\users\doritoz\desktop\cpp project\project framework\debug\jdmerge.sbr
c:\users\doritoz\desktop\cpp project\project framework\debug\jdmaster.sbr
c:\users\doritoz\desktop\cpp project\project framework\debug\jdmarker.sbr
c:\users\doritoz\desktop\cpp project\project framework\debug\jdmainct.sbr
c:\users\doritoz\desktop\cpp project\project framework\debug\jdinput.sbr
c:\users\doritoz\desktop\cpp project\project framework\debug\jdhuff.sbr
c:\users\doritoz\desktop\cpp project\project framework\debug\jdhuff.obj
c:\users\doritoz\desktop\cpp project\project framework\debug\jdinput.obj
c:\users\doritoz\desktop\cpp project\project framework\debug\jdmainct.obj
c:\users\doritoz\desktop\cpp project\project framework\debug\jdmarker.obj
c:\users\doritoz\desktop\cpp project\project framework\debug\jdmaster.obj
c:\users\doritoz\desktop\cpp project\project framework\debug\jdmerge.obj
c:\users\doritoz\desktop\cpp project\project framework\debug\jdphuff.obj
c:\users\doritoz\desktop\cpp project\project framework\debug\jdpostct.obj
c:\users\doritoz\desktop\cpp project\project framework\debug\jdsample.obj
c:\users\doritoz\desktop\cpp project\project framework\debug\jdtrans.obj
c:\users\doritoz\desktop\cpp project\project framework\debug\jerror.obj
c:\users\doritoz\desktop\cpp project\project framework\debug\jidctflt.obj
c:\users\doritoz\desktop\cpp project\project framework\debug\jidctfst.obj
c:\users\doritoz\desktop\cpp project\project framework\debug\jidctint.obj
c:\users\doritoz\desktop\cpp project\project framework\debug\jidctred.obj
c:\users\doritoz\desktop\cpp project\project framework\debug\jmemmgr.obj
c:\users\doritoz\desktop\cpp project\project framework\debug\jmemnobs.obj
c:\users\doritoz\desktop\cpp project\project framework\debug\jquant1.obj
c:\users\doritoz\desktop\cpp project\project framework\debug\jquant2.obj
c:\users\doritoz\desktop\cpp project\project framework\debug\jutils.obj
c:\users\doritoz\desktop\cpp project\project framework\debug\jddctmgr.sbr
c:\users\doritoz\desktop\cpp project\project framework\debug\jdcolor.sbr
c:\users\doritoz\desktop\cpp project\project framework\debug\jdcoefct.sbr
c:\users\doritoz\desktop\cpp project\project framework\debug\jdatasrc.sbr
c:\users\doritoz\desktop\cpp project\project framework\debug\jdapistd.sbr
c:\users\doritoz\desktop\cpp project\project framework\debug\jdapimin.sbr
c:\users\doritoz\desktop\cpp project\project framework\debug\jcparam.sbr
c:\users\doritoz\desktop\cpp project\project framework\debug\jcomapi.sbr
c:\users\doritoz\desktop\cpp project\project framework\debug\jpegload.sbr
c:\users\doritoz\desktop\cpp project\project framework\debug\jpegload.obj
c:\users\doritoz\desktop\cpp project\project framework\debug\jcomapi.obj
c:\users\doritoz\desktop\cpp project\project framework\debug\jcparam.obj
c:\users\doritoz\desktop\cpp project\project framework\debug\jdapimin.obj
c:\users\doritoz\desktop\cpp project\project framework\debug\jdapistd.obj
c:\users\doritoz\desktop\cpp project\project framework\debug\jdatasrc.obj
c:\users\doritoz\desktop\cpp project\project framework\debug\jdcoefct.obj
c:\users\doritoz\desktop\cpp project\project framework\debug\jdcolor.obj
c:\users\doritoz\desktop\cpp project\project framework\debug\jddctmgr.obj
d:\cpp\cie202-proj-s2018- a\project framework\debug\pt project.ilk
d:\cpp\cie202-proj-s2018- a\project framework\debug\pt project.exe
d:\cpp\cie202-proj-s2018- a\project framework\debug\pt project.pdb
c:\users\mas-alhassan\desktop\project\project framework\debug\pt project.exe
c:\users\mas-alhassan\desktop\project\project framework\debug\pt project.ilk
c:\users\mas-alhassan\desktop\project\project framework\debug\pt project.pdb
f:\ds\project\cpp project\project framework\debug\pt project.ilk
f:\ds\project\cpp project\project framework\debug\pt project.exe
f:\ds\project\cpp project\project framework\debug\pt project.pdb
c:\users\doritoz\desktop\cpp project\project framework\debug\pt project.ilk
c:\users\doritoz\desktop\cpp project\project framework\debug\pt project.exe
c:\users\doritoz\desktop\cpp project\project framework\debug\pt project.pdb
c:\users\doritoz\desktop\cpp project\project framework\debug\bscmake.command.1.tlog
c:\users\doritoz\desktop\cpp project\project framework\debug\bscmake.read.1.tlog
c:\users\doritoz\desktop\cpp project\project framework\debug\bscmake.write.1.tlog
c:\users\doritoz\desktop\cpp project\project framework\debug\cl.command.1.tlog
c:\users\doritoz\desktop\cpp project\project framework\debug\cl.read.1.tlog
c:\users\doritoz\desktop\cpp project\project framework\debug\cl.write.1.tlog
c:\users\doritoz\desktop\cpp project\project framework\debug\link-cvtres.read.1.tlog
c:\users\doritoz\desktop\cpp project\project framework\debug\link-cvtres.write.1.tlog
c:\users\doritoz\desktop\cpp project\project framework\debug\link-rc.read.1.tlog
c:\users\doritoz\desktop\cpp project\project framework\debug\link-rc.write.1.tlog
c:\users\doritoz\desktop\cpp project\project framework\debug\link.command.1.tlog
c:\users\doritoz\desktop\cpp project\project framework\debug\link.read.1.tlog
c:\users\doritoz\desktop\cpp project\project framework\debug\link.write.1.tlog
c:\users\doritoz\desktop\cpp project\project framework\debug\vc110.idb
c:\users\doritoz\desktop\cpp project\project framework\debug\vc110.pdb
c:\users\doritoz\desktop\cpp project\project framework\debug\pt project.tlog\bscmake.command.1.tlog
c:\users\doritoz\desktop\cpp project\project framework\debug\pt project.tlog\bscmake.read.1.tlog
c:\users\doritoz\desktop\cpp project\project framework\debug\pt project.tlog\bscmake.write.1.tlog
c:\users\doritoz\desktop\cpp project\project framework\debug\pt project.tlog\cl.command.1.tlog
c:\users\doritoz\desktop\cpp project\project framework\debug\pt project.tlog\cl.read.1.tlog
c:\users\doritoz\desktop\cpp project\project framework\debug\pt project.tlog\cl.write.1.tlog
c:\users\doritoz\desktop\cpp project\project framework\debug\pt project.tlog\link.command.1.tlog
c:\users\doritoz\desktop\cpp project\project framework\debug\pt project.tlog\link.read.1.tlog
c:\users\doritoz\desktop\cpp project\project framework\debug\pt project.tlog\link.write.1.tlog
